[    0.000000] Initializing cgroup subsys cpuset
[    0.000000] Initializing cgroup subsys cpu
[    0.000000] Initializing cgroup subsys cpuacct
[    0.000000] Linux version 4.4.0-112-generic (buildd@lgw01-amd64-010) (gcc version 5.4.0 20160609 (Ubuntu 5.4.0-6ubuntu1~16.04.5) ) #135-Ubuntu SMP Fri Jan 19 11:48:36 UTC 2018 (Ubuntu 4.4.0-112.135-generic 4.4.98)
[    0.000000] Command line: BOOT_IMAGE=/boot/vmlinuz-4.4.0-112-generic root=LABEL=cloudimg-rootfs ro console=tty1 console=ttyS0
[    0.000000] KERNEL supported cpus:
[    0.000000]   Intel GenuineIntel
[    0.000000]   AMD AuthenticAMD
[    0.000000]   Centaur CentaurHauls
[    0.000000] x86/fpu: xstate_offset[2]:  576, xstate_sizes[2]:  256
[    0.000000] x86/fpu: Supporting XSAVE feature 0x01: 'x87 floating point registers'
[    0.000000] x86/fpu: Supporting XSAVE feature 0x02: 'SSE registers'
[    0.000000] x86/fpu: Supporting XSAVE feature 0x04: 'AVX registers'
[    0.000000] x86/fpu: Enabled xstate features 0x7, context size is 832 bytes, using 'standard' format.
[    0.000000] x86/fpu: Using 'lazy' FPU context switches.
[    0.000000] e820: BIOS-provided physical RAM map:
[    0.000000] BIOS-e820: [mem 0x0000000000000000-0x000000000009fbff] usable
[    0.000000] BIOS-e820: [mem 0x000000000009fc00-0x000000000009ffff] reserved
[    0.000000] BIOS-e820: [mem 0x00000000000f0000-0x00000000000fffff] reserved
[    0.000000] BIOS-e820: [mem 0x0000000000100000-0x000000003ffeffff] usable
[    0.000000] BIOS-e820: [mem 0x000000003fff0000-0x000000003fffffff] ACPI data
[    0.000000] BIOS-e820: [mem 0x00000000fec00000-0x00000000fec00fff] reserved
[    0.000000] BIOS-e820: [mem 0x00000000fee00000-0x00000000fee00fff] reserved
[    0.000000] BIOS-e820: [mem 0x00000000fffc0000-0x00000000ffffffff] reserved
[    0.000000] NX (Execute Disable) protection: active
[    0.000000] SMBIOS 2.5 present.
[    0.000000] Hypervisor detected: KVM
[    0.000000] Kernel/User page tables isolation: disabled
[    0.000000] e820: last_pfn = 0x3fff0 max_arch_pfn = 0x400000000
[    0.000000] MTRR: Disabled
[    0.000000] x86/PAT: MTRRs disabled, skipping PAT initialization too.
[    0.000000] CPU MTRRs all blank - virtualized system.
[    0.000000] x86/PAT: Configuration [0-7]: WB  WT  UC- UC  WB  WT  UC- UC  
[    0.000000] found SMP MP-table at [mem 0x0009fff0-0x0009ffff] mapped at [ffff88000009fff0]
[    0.000000] Scanning 1 areas for low memory corruption
[    0.000000] RAMDISK: [mem 0x36adc000-0x37565fff]
[    0.000000] ACPI: Early table checksum verification disabled
[    0.000000] ACPI: RSDP 0x00000000000E0000 000024 (v02 VBOX  )
[    0.000000] ACPI: XSDT 0x000000003FFF0030 00003C (v01 VBOX   VBOXXSDT 00000001 ASL  00000061)
[    0.000000] ACPI: FACP 0x000000003FFF00F0 0000F4 (v04 VBOX   VBOXFACP 00000001 ASL  00000061)
[    0.000000] ACPI: DSDT 0x000000003FFF0470 0021FF (v02 VBOX   VBOXBIOS 00000002 INTL 20100528)
[    0.000000] ACPI: FACS 0x000000003FFF0200 000040
[    0.000000] ACPI: FACS 0x000000003FFF0200 000040
[    0.000000] ACPI: APIC 0x000000003FFF0240 000054 (v02 VBOX   VBOXAPIC 00000001 ASL  00000061)
[    0.000000] ACPI: SSDT 0x000000003FFF02A0 0001CC (v01 VBOX   VBOXCPUT 00000002 INTL 20100528)
[    0.000000] No NUMA configuration found
[    0.000000] Faking a node at [mem 0x0000000000000000-0x000000003ffeffff]
[    0.000000] NODE_DATA(0) allocated [mem 0x3ffeb000-0x3ffeffff]
[    0.000000] kvm-clock: Using msrs 4b564d01 and 4b564d00
[    0.000000] kvm-clock: cpu 0, msr 0:3ffe3001, primary cpu clock
[    0.000000] kvm-clock: using sched offset of 4611816271 cycles
[    0.000000] clocksource: kvm-clock: mask: 0xffffffffffffffff max_cycles: 0x1cd42e4dffb, max_idle_ns: 881590591483 ns
[    0.000000] Zone ranges:
[    0.000000]   DMA      [mem 0x0000000000001000-0x0000000000ffffff]
[    0.000000]   DMA32    [mem 0x0000000001000000-0x000000003ffeffff]
[    0.000000]   Normal   empty
[    0.000000]   Device   empty
[    0.000000] Movable zone start for each node
[    0.000000] Early memory node ranges
[    0.000000]   node   0: [mem 0x0000000000001000-0x000000000009efff]
[    0.000000]   node   0: [mem 0x0000000000100000-0x000000003ffeffff]
[    0.000000] Initmem setup node 0 [mem 0x0000000000001000-0x000000003ffeffff]
[    0.000000] ACPI: PM-Timer IO Port: 0x4008
[    0.000000] IOAPIC[0]: apic_id 1, version 32, address 0xfec00000, GSI 0-23
[    0.000000] ACPI: INT_SRC_OVR (bus 0 bus_irq 0 global_irq 2 dfl dfl)
[    0.000000] ACPI: INT_SRC_OVR (bus 0 bus_irq 9 global_irq 9 low level)
[    0.000000] Using ACPI (MADT) for SMP configuration information
[    0.000000] smpboot: Allowing 1 CPUs, 0 hotplug CPUs
[    0.000000] PM: Registered nosave memory: [mem 0x00000000-0x00000fff]
[    0.000000] PM: Registered nosave memory: [mem 0x0009f000-0x0009ffff]
[    0.000000] PM: Registered nosave memory: [mem 0x000a0000-0x000effff]
[    0.000000] PM: Registered nosave memory: [mem 0x000f0000-0x000fffff]
[    0.000000] e820: [mem 0x40000000-0xfebfffff] available for PCI devices
[    0.000000] Booting paravirtualized kernel on KVM
[    0.000000] clocksource: refined-jiffies: mask: 0xffffffff max_cycles: 0xffffffff, max_idle_ns: 7645519600211568 ns
[    0.000000] setup_percpu: NR_CPUS:512 nr_cpumask_bits:512 nr_cpu_ids:1 nr_node_ids:1
[    0.000000] PERCPU: Embedded 34 pages/cpu @ffff88003fc00000 s99544 r8192 d31528 u2097152
[    0.000000] PV qspinlock hash table entries: 256 (order: 0, 4096 bytes)
[    0.000000] Built 1 zonelists in Node order, mobility grouping on.  Total pages: 257913
[    0.000000] Policy zone: DMA32
[    0.000000] Kernel command line: BOOT_IMAGE=/boot/vmlinuz-4.4.0-112-generic root=LABEL=cloudimg-rootfs ro console=tty1 console=ttyS0
[    0.000000] PID hash table entries: 4096 (order: 3, 32768 bytes)
[    0.000000] Memory: 1001876K/1048120K available (8499K kernel code, 1309K rwdata, 3988K rodata, 1508K init, 1316K bss, 46244K reserved, 0K cma-reserved)
[    0.000000] SLUB: HWalign=64, Order=0-3, MinObjects=0, CPUs=1, Nodes=1
[    0.000000] Hierarchical RCU implementation.
[    0.000000] 	Build-time adjustment of leaf fanout to 64.
[    0.000000] 	RCU restricting CPUs from NR_CPUS=512 to nr_cpu_ids=1.
[    0.000000] RCU: Adjusting geometry for rcu_fanout_leaf=64, nr_cpu_ids=1
[    0.000000] NR_IRQS:33024 nr_irqs:256 16
[    0.000000] Console: colour VGA+ 80x25
[    0.000000] console [tty1] enabled
[    0.000000] console [ttyS0] enabled
[    0.000000] tsc: Detected 1696.829 MHz processor
[    2.052926] Calibrating delay loop (skipped) preset value.. 3393.65 BogoMIPS (lpj=6787316)
[    2.104688] pid_max: default: 32768 minimum: 301
[    2.110463] ACPI: Core revision 20150930
[    2.137592] ACPI: 2 ACPI AML tables successfully acquired and loaded
[    2.171574] Security Framework initialized
[    2.179391] Yama: becoming mindful.
[    2.183195] AppArmor: AppArmor initialized
[    2.187866] Dentry cache hash table entries: 131072 (order: 8, 1048576 bytes)
[    2.205568] Inode-cache hash table entries: 65536 (order: 7, 524288 bytes)
[    2.225946] Mount-cache hash table entries: 2048 (order: 2, 16384 bytes)
[    2.256214] Mountpoint-cache hash table entries: 2048 (order: 2, 16384 bytes)
[    2.267771] Initializing cgroup subsys io
[    2.278381] Initializing cgroup subsys memory
[    2.309406] Initializing cgroup subsys devices
[    2.313081] Initializing cgroup subsys freezer
[    2.317816] Initializing cgroup subsys net_cls
[    2.350966] Initializing cgroup subsys perf_event
[    2.378041] Initializing cgroup subsys net_prio
[    2.386451] Initializing cgroup subsys hugetlb
[    2.394037] Initializing cgroup subsys pids
[    2.411069] FEATURE SPEC_CTRL Not Present
[    2.416600] FEATURE IBPB Not Present
[    2.419392] mce: CPU supports 0 MCE banks
[    2.433980] Last level iTLB entries: 4KB 512, 2MB 1024, 4MB 512
[    2.486582] Last level dTLB entries: 4KB 1024, 2MB 1024, 4MB 512, 1GB 0
[    2.566538] Freeing SMP alternatives memory: 32K
[    2.623339] ftrace: allocating 32180 entries in 126 pages
[    2.759177] smpboot: APIC(0) Converting physical 0 to logical package 0
[    2.768634] smpboot: Max logical packages: 1
[    2.786051] x2apic enabled
[    2.788380] Switched APIC routing to physical x2apic.
[    2.802432] ..TIMER: vector=0x30 apic1=0 pin1=2 apic2=-1 pin2=-1
[    2.924783] smpboot: CPU0: AMD A8-5545M APU with Radeon(tm) HD Graphics (family: 0x15, model: 0x13, stepping: 0x1)
[    2.949393] Performance Events: Broken PMU hardware detected, using software events only.
[    2.961890] Failed to access perfctr msr (MSR c0010007 is 0)
[    2.968060] KVM setup paravirtual spinlock
[    2.994237] x86: Booted up 1 node, 1 CPUs
[    2.997587] smpboot: Total of 1 processors activated (3393.65 BogoMIPS)
[    3.010825] devtmpfs: initialized
[    3.023174] evm: security.selinux
[    3.028605] evm: security.SMACK64
[    3.036789] evm: security.SMACK64EXEC
[    3.051231] evm: security.SMACK64TRANSMUTE
[    3.059892] evm: security.SMACK64MMAP
[    3.087750] evm: security.ima
[    3.099277] evm: security.capability
[    3.106339] clocksource: jiffies: mask: 0xffffffff max_cycles: 0xffffffff, max_idle_ns: 7645041785100000 ns
[    3.119282] futex hash table entries: 256 (order: 2, 16384 bytes)
[    3.135341] pinctrl core: initialized pinctrl subsystem
[    3.157347] RTC time: 11:09:23, date: 01/31/18
[    3.163602] NET: Registered protocol family 16
[    3.178070] cpuidle: using governor ladder
[    3.202669] cpuidle: using governor menu
[    3.213004] PCCT header not found.
[    3.229207] ACPI: bus type PCI registered
[    3.236078] acpiphp: ACPI Hot Plug PCI Controller Driver version: 0.5
[    3.245625] PCI: Using configuration type 1 for base access
[    3.249791] PCI: Using configuration type 1 for extended access
[    3.287860] ACPI: Added _OSI(Module Device)
[    3.305939] ACPI: Added _OSI(Processor Device)
[    3.312222] ACPI: Added _OSI(3.0 _SCP Extensions)
[    3.315662] ACPI: Added _OSI(Processor Aggregator Device)
[    3.325267] ACPI: Executed 1 blocks of module-level executable AML code
[    3.341101] ACPI: Interpreter enabled
[    3.353095] ACPI: (supports S0 S5)
[    3.362795] ACPI: Using IOAPIC for interrupt routing
[    3.387414] PCI: Using host bridge windows from ACPI; if necessary, use "pci=nocrs" and report a bug
[    3.424677] ACPI: PCI Root Bridge [PCI0] (domain 0000 [bus 00-ff])
[    3.461627] acpi PNP0A03:00: _OSC: OS supports [ExtendedConfig ASPM ClockPM Segments MSI]
[    3.479129] acpi PNP0A03:00: _OSC: OS now controls [PCIeHotplug PME AER PCIeCapability]
[    3.515554] PCI host bridge to bus 0000:00
[    3.520731] pci_bus 0000:00: root bus resource [io  0x0000-0x0cf7 window]
[    3.557808] pci_bus 0000:00: root bus resource [io  0x0d00-0xffff window]
[    3.587756] pci_bus 0000:00: root bus resource [mem 0x000a0000-0x000bffff window]
[    3.645986] pci_bus 0000:00: root bus resource [mem 0x40000000-0xfdffffff window]
[    3.673203] pci_bus 0000:00: root bus resource [bus 00-ff]
[    3.682552] pci 0000:00:01.1: legacy IDE quirk: reg 0x10: [io  0x01f0-0x01f7]
[    3.711876] pci 0000:00:01.1: legacy IDE quirk: reg 0x14: [io  0x03f6]
[    3.741059] pci 0000:00:01.1: legacy IDE quirk: reg 0x18: [io  0x0170-0x0177]
[    3.764982] pci 0000:00:01.1: legacy IDE quirk: reg 0x1c: [io  0x0376]
[    3.843446] pci 0000:00:07.0: quirk: [io  0x4000-0x403f] claimed by PIIX4 ACPI
[    3.867357] pci 0000:00:07.0: quirk: [io  0x4100-0x410f] claimed by PIIX4 SMB
[    3.920447] ACPI: PCI Interrupt Link [LNKA] (IRQs 5 9 10 *11)
[    3.965896] ACPI: PCI Interrupt Link [LNKB] (IRQs 5 9 *10 11)
[    4.020400] ACPI: PCI Interrupt Link [LNKC] (IRQs 5 *9 10 11)
[    4.050261] ACPI: PCI Interrupt Link [LNKD] (IRQs 5 9 10 *11)
[    4.066542] ACPI: Enabled 2 GPEs in block 00 to 07
[    4.077082] vgaarb: setting as boot device: PCI:0000:00:02.0
[    4.094390] vgaarb: device added: PCI:0000:00:02.0,decodes=io+mem,owns=io+mem,locks=none
[    4.120144] vgaarb: loaded
[    4.136233] vgaarb: bridge control possible 0000:00:02.0
[    4.142995] SCSI subsystem initialized
[    4.154238] ACPI: bus type USB registered
[    4.162317] usbcore: registered new interface driver usbfs
[    4.167033] usbcore: registered new interface driver hub
[    4.183003] usbcore: registered new device driver usb
[    4.191471] PCI: Using ACPI for IRQ routing
[    4.199049] NetLabel: Initializing
[    4.225789] NetLabel:  domain hash size = 128
[    4.229322] NetLabel:  protocols = UNLABELED CIPSOv4
[    4.241873] NetLabel:  unlabeled traffic allowed by default
[    4.249288] amd_nb: Cannot enumerate AMD northbridges
[    4.254654] clocksource: Switched to clocksource kvm-clock
[    4.357065] AppArmor: AppArmor Filesystem Enabled
[    4.367815] pnp: PnP ACPI init
[    4.384375] pnp: PnP ACPI: found 3 devices
[    4.402233] clocksource: acpi_pm: mask: 0xffffff max_cycles: 0xffffff, max_idle_ns: 2085701024 ns
[    4.433703] NET: Registered protocol family 2
[    4.437402] TCP established hash table entries: 8192 (order: 4, 65536 bytes)
[    4.465473] TCP bind hash table entries: 8192 (order: 5, 131072 bytes)
[    4.479970] TCP: Hash tables configured (established 8192 bind 8192)
[    4.486929] UDP hash table entries: 512 (order: 2, 16384 bytes)
[    4.504270] UDP-Lite hash table entries: 512 (order: 2, 16384 bytes)
[    4.558210] NET: Registered protocol family 1
[    4.590522] pci 0000:00:00.0: Limiting direct PCI/PCI transfers
[    4.610869] pci 0000:00:01.0: Activating ISA DMA hang workarounds
[    4.616880] Unpacking initramfs...
[   10.921907] Freeing initrd memory: 10792K
[   10.944651] platform rtc_cmos: registered platform RTC device (no PNP device found)
[   10.990576] Scanning for low memory corruption every 60 seconds
[   11.022374] audit: initializing netlink subsys (disabled)
[   11.094100] audit: type=2000 audit(1517396974.987:1): initialized
[   11.129731] Initialise system trusted keyring
[   11.137610] HugeTLB registered 2 MB page size, pre-allocated 0 pages
[   11.162659] zbud: loaded
[   11.176589] VFS: Disk quotas dquot_6.6.0
[   11.180548] VFS: Dquot-cache hash table entries: 512 (order 0, 4096 bytes)
[   11.210978] squashfs: version 4.0 (2009/01/31) Phillip Lougher
[   11.219390] fuse init (API version 7.23)
[   11.230115] Key type big_key registered
[   11.245854] Allocating IMA MOK and blacklist keyrings.
[   11.260939] Key type asymmetric registered
[   11.269735] Asymmetric key parser 'x509' registered
[   11.283363] Block layer SCSI generic (bsg) driver version 0.4 loaded (major 249)
[   11.297934] io scheduler noop registered
[   11.301436] io scheduler deadline registered (default)
[   11.329923] io scheduler cfq registered
[   11.342269] pci_hotplug: PCI Hot Plug PCI Core version: 0.5
[   11.363129] pciehp: PCI Express Hot Plug Controller Driver version: 0.4
[   11.367941] ACPI: AC Adapter [AC] (on-line)
[   11.388656] input: Power Button as /devices/LNXSYSTM:00/LNXPWRBN:00/input/input0
[   11.416366] ACPI: Power Button [PWRF]
[   11.448654] input: Sleep Button as /devices/LNXSYSTM:00/LNXSLPBN:00/input/input1
[   11.459712] ACPI: Sleep Button [SLPF]
[   11.469860] ACPI: Battery Slot [BAT0] (battery present)
[   11.495268] GHES: HEST is not enabled!
[   11.498231] Serial: 8250/16550 driver, 32 ports, IRQ sharing enabled
[   11.570610] 00:02: ttyS0 at I/O 0x3f8 (irq = 4, base_baud = 115200) is a 16550A
[   11.629841] Linux agpgart interface v0.103
[   11.673387] loop: module loaded
[   11.678881] scsi host0: ata_piix
[   11.697738] scsi host1: ata_piix
[   11.708965] ata1: PATA max UDMA/33 cmd 0x1f0 ctl 0x3f6 bmdma 0xd000 irq 14
[   11.766425] ata2: PATA max UDMA/33 cmd 0x170 ctl 0x376 bmdma 0xd008 irq 15
[   11.788985] libphy: Fixed MDIO Bus: probed
[   11.881969] tun: Universal TUN/TAP device driver, 1.6
[   11.920140] tun: (C) 1999-2004 Max Krasnyansky <maxk@qualcomm.com>
[   11.945890] tsc: Refined TSC clocksource calibration: 1697.564 MHz
[   11.950543] clocksource: tsc: mask: 0xffffffffffffffff max_cycles: 0x187829fda95, max_idle_ns: 440795240952 ns
[   11.999080] PPP generic driver version 2.4.2
[   12.011740] ehci_hcd: USB 2.0 'Enhanced' Host Controller (EHCI) Driver
[   12.044579] ehci-pci: EHCI PCI platform driver
[   12.064664] ehci-platform: EHCI generic platform driver
[   12.093772] ohci_hcd: USB 1.1 'Open' Host Controller (OHCI) Driver
[   12.111729] ohci-pci: OHCI PCI platform driver
[   12.118202] ohci-platform: OHCI generic platform driver
[   12.145964] uhci_hcd: USB Universal Host Controller Interface driver
[   12.162737] i8042: PNP: PS/2 Controller [PNP0303:PS2K,PNP0f03:PS2M] at 0x60,0x64 irq 1,12
[   12.183038] serio: i8042 KBD port at 0x60,0x64 irq 1
[   12.191168] serio: i8042 AUX port at 0x60,0x64 irq 12
[   12.230445] mousedev: PS/2 mouse device common for all mice
[   12.241622] input: AT Translated Set 2 keyboard as /devices/platform/i8042/serio0/input/input2
[   12.308306] rtc_cmos rtc_cmos: rtc core: registered rtc_cmos as rtc0
[   12.335740] rtc_cmos rtc_cmos: alarms up to one day, 114 bytes nvram
[   12.359586] i2c /dev entries driver
[   12.364028] device-mapper: uevent: version 1.0.3
[   12.388032] device-mapper: ioctl: 4.34.0-ioctl (2015-10-28) initialised: dm-devel@redhat.com
[   12.410871] ledtrig-cpu: registered to indicate activity on CPUs
[   12.449115] NET: Registered protocol family 10
[   12.486434] NET: Registered protocol family 17
[   12.536572] Key type dns_resolver registered
[   12.568931] microcode: CPU0: patch_level=0x06000626
[   12.576807] microcode: Microcode Update Driver: v2.01 <tigran@aivazian.fsnet.co.uk>, Peter Oruba
[   12.590749] registered taskstats version 1
[   12.614647] Loading compiled-in X.509 certificates
[   12.620584] Loaded X.509 cert 'Build time autogenerated kernel key: 4c603087bab8f0a02cb3b4e1fb4c40f507e71ef1'
[   12.634247] zswap: loaded using pool lzo/zbud
[   12.677987] Key type trusted registered
[   12.704934] Key type encrypted registered
[   12.715676] AppArmor: AppArmor sha1 policy hashing enabled
[   12.736634] ima: No TPM chip found, activating TPM-bypass!
[   12.776129] evm: HMAC attrs: 0x1
[   12.785345]   Magic number: 2:82:177
[   12.791030] rtc_cmos rtc_cmos: setting system clock to 2018-01-31 11:09:33 UTC (1517396973)
[   12.813920] BIOS EDD facility v0.16 2004-Jun-25, 0 devices found
[   12.829586] EDD information not available.
[   12.853078] Freeing unused kernel memory: 1508K
[   12.864027] Write protecting the kernel read-only data: 14336k
[   12.883219] Freeing unused kernel memory: 1728K
[   12.897439] Freeing unused kernel memory: 108K
Loading, please wait...
starting version 229
[   12.964971] random: systemd-udevd: uninitialized urandom read (16 bytes read, 3 bits of entropy available)
[   13.000982] random: udevadm: uninitialized urandom read (16 bytes read, 3 bits of entropy available)
[   13.036435] random: systemd-udevd: uninitialized urandom read (16 bytes read, 3 bits of entropy available)
[   13.082350] random: udevadm: uninitialized urandom read (16 bytes read, 3 bits of entropy available)
[   13.155553] random: systemd-udevd: uninitialized urandom read (16 bytes read, 3 bits of entropy available)
[   13.263034] random: systemd-udevd: uninitialized urandom read (16 bytes read, 3 bits of entropy available)
[   13.334130] random: udevadm: uninitialized urandom read (16 bytes read, 3 bits of entropy available)
[   13.392724] random: systemd-udevd: uninitialized urandom read (16 bytes read, 3 bits of entropy available)
[   13.444015] random: udevadm: uninitialized urandom read (16 bytes read, 3 bits of entropy available)
[   13.532561] random: systemd-udevd: uninitialized urandom read (16 bytes read, 3 bits of entropy available)
[   13.776385] e1000: Intel(R) PRO/1000 Network Driver - version 7.3.21-k8-NAPI
[   13.800358] e1000: Copyright (c) 1999-2006 Intel Corporation.
[   13.837322] Fusion MPT base driver 3.04.20
[   13.851266] Copyright (c) 1999-2008 LSI Corporation
[   13.965866] AVX version of gcm_enc/dec engaged.
[   14.008992] AES CTR mode by8 optimization enabled
[   14.097679] input: ImExPS/2 Generic Explorer Mouse as /devices/platform/i8042/serio1/input/input4
[   14.128479] Fusion MPT SPI Host driver 3.04.20
[   14.765896] e1000 0000:00:03.0 eth0: (PCI:33MHz:32-bit) 02:1f:2a:60:99:e3
[   14.804767] e1000 0000:00:03.0 eth0: Intel(R) PRO/1000 Network Connection
[   14.901999] mptbase: ioc0: Initiating bringup
[   15.003603] ioc0: LSI53C1030 A0: Capabilities={Initiator}
[   15.193542] scsi host2: ioc0: LSI53C1030 A0, FwRev=00000000h, Ports=1, MaxQ=256, IRQ=20
[   15.353994] scsi 2:0:0:0: Direct-Access     VBOX     HARDDISK         1.0  PQ: 0 ANSI: 5
[   15.404189] scsi target2:0:0: Beginning Domain Validation
[   15.561097] scsi target2:0:0: Domain Validation skipping write tests
[   15.603395] scsi target2:0:0: Ending Domain Validation
[   15.688313] scsi target2:0:0: asynchronous
[   15.737353] scsi 2:0:1:0: Direct-Access     VBOX     HARDDISK         1.0  PQ: 0 ANSI: 5
[   15.873819] scsi target2:0:1: Beginning Domain Validation
[   16.045178] scsi target2:0:1: Domain Validation skipping write tests
[   16.055979] scsi target2:0:1: Ending Domain Validation
[   16.129053] scsi target2:0:1: asynchronous
[   16.235141] sd 2:0:0:0: Attached scsi generic sg0 type 0
[   16.282041] sd 2:0:0:0: [sda] 20971520 512-byte logical blocks: (10.7 GB/10.0 GiB)
[   16.358018] sd 2:0:1:0: [sdb] 20480 512-byte logical blocks: (10.5 MB/10.0 MiB)
[   16.399888] sd 2:0:1:0: Attached scsi generic sg1 type 0
[   16.428680] e1000 0000:00:08.0 eth1: (PCI:33MHz:32-bit) 08:00:27:40:3b:0b
[   16.468687] e1000 0000:00:08.0 eth1: Intel(R) PRO/1000 Network Connection
[   16.503715] sd 2:0:0:0: [sda] Write Protect is off
[   16.512630] sd 2:0:1:0: [sdb] Write Protect is off
[   16.520118] e1000 0000:00:08.0 enp0s8: renamed from eth1
[   16.533888] sd 2:0:1:0: [sdb] Incomplete mode parameter data
[   16.572433] sd 2:0:1:0: [sdb] Assuming drive cache: write through
[   16.601236] sd 2:0:0:0: [sda] Incomplete mode parameter data
[   16.658960] sd 2:0:0:0: [sda] Assuming drive cache: write through
[   16.667672] e1000 0000:00:03.0 enp0s3: renamed from eth0
[   16.697100]  sda: sda1
[   16.700562] sd 2:0:0:0: [sda] Attached SCSI disk
[   16.741352] sd 2:0:1:0: [sdb] Attached SCSI disk
[   16.904655] floppy0: no floppy controllers found
Begin: Loading e[   18.961885] md: linear personality registered for level -1
ssential drivers ... [   18.998380] md: multipath personality registered for level -4
[   19.018472] md: raid0 personality registered for level 0
[   19.058180] md: raid1 personality registered for level 1
[   19.147179] raid6: sse2x1   gen()  1567 MB/s
[   19.242736] raid6: sse2x1   xor()  1082 MB/s
[   19.327327] raid6: sse2x2   gen()  2028 MB/s
[   19.403108] raid6: sse2x2   xor()  1319 MB/s
[   19.482675] raid6: sse2x4   gen()  1565 MB/s
[   19.570897] raid6: sse2x4   xor()   905 MB/s
[   19.589255] raid6: using algorithm sse2x2 gen() 2028 MB/s
[   19.615975] raid6: .... xor() 1319 MB/s, rmw enabled
[   19.652527] raid6: using ssse3x2 recovery algorithm
[   19.684619] xor: automatically using best checksumming function:
[   19.747536]    avx       :   415.000 MB/sec
[   19.763385] async_tx: api initialized (async)
[   19.833002] md: raid6 personality registered for level 6
[   19.862345] md: raid5 personality registered for level 5
[   19.865450] md: raid4 personality registered for level 4
[   19.894834] md: raid10 personality registered for level 10
done.
Begin: Running /scripts/init-premount ... done.
Begin: Mounting root file system ... Begin: Running /scripts/local-top ... done.
Begin: Running /scripts/local-premount ... [   20.011125] Btrfs loaded
Scanning for Btrfs filesystems
done.
Warning: fsck no[   20.099642] EXT4-fs (sda1): mounted filesystem with ordered data mode. Opts: (null)
t present, so skipping root file system
done.
Begin: Running /scripts/local-bottom ... done.
Begin: Running /scripts/init-bottom ... done.
[   20.367234] systemd[1]: systemd 229 running in system mode. (+PAM +AUDIT +SELINUX +IMA +APPARMOR +SMACK +SYSVINIT +UTMP +LIBCRYPTSETUP +GCRYPT +GNUTLS +ACL +XZ -LZ4 +SECCOMP +BLKID +ELFUTILS +KMOD -IDN)
[   20.452052] systemd[1]: Detected virtualization oracle.
[   20.465737] systemd[1]: Detected architecture x86-64.

Welcome to [1mUbuntu 16.04.3 LTS[0m!

[   20.520214] systemd[1]: Set hostname to <ubuntu>.
[   20.574584] systemd[1]: Initializing machine ID from random generator.
[   20.615296] systemd[1]: Installed transient /etc/machine-id file.
[   20.937429] systemd[1]: Started Trigger resolvconf update for networkd DNS.
[[0;32m  OK  [0m] Started Trigger resolvconf update for networkd DNS.
[   21.019774] systemd[1]: Listening on /dev/initctl Compatibility Named Pipe.
[[0;32m  OK  [0m] Listening on /dev/initctl Compatibility Named Pipe.
[   21.124367] systemd[1]: Listening on udev Kernel Socket.
[[0;32m  OK  [0m] Listening on udev Kernel Socket.
[   21.172159] systemd[1]: Set up automount Arbitrary Executable File Formats File System Automount Point.
[[0;32m  OK  [0m] Set up automount Arbitrary Executab...ats File System Automount Point.
[   21.275578] systemd[1]: Started Forward Password Requests to Wall Directory Watch.
[[0;32m  OK  [0m] Started Forward Password Requests to Wall Directory Watch.
[   21.319485] systemd[1]: Reached target Encrypted Volumes.
[[0;32m  OK  [0m] Reached target Encrypted Volumes.
[   21.350440] systemd[1]: Reached target User and Group Name Lookups.
[[0;32m  OK  [0m] Reached target User and Group Name Lookups.
[   21.384335] systemd[1]: Listening on udev Control Socket.
[[0;32m  OK  [0m] Listening on udev Control Socket.
[   21.418572] systemd[1]: Listening on Journal Socket.
[[0;32m  OK  [0m] Listening on Journal Socket.
[   21.483282] systemd[1]: Listening on Journal Audit Socket.
[[0;32m  OK  [0m] Listening on Journal Audit Socket.
[   21.584634] systemd[1]: Created slice System Slice.
[[0;32m  OK  [0m] Created slice System Slice.
[   21.613715] systemd[1]: Mounting Debug File System...
         Mounting Debug File System...
[   21.669702] systemd[1]: Starting Uncomplicated firewall...
         Starting Uncomplicated firewall...
[   21.741313] systemd[1]: Starting Set console keymap...
         Starting Set console keymap...
[   21.818847] systemd[1]: Starting Nameserver information manager...
         Starting Nameserver information manager...
[   21.897672] systemd[1]: Mounting POSIX Message Queue File System...
         Mounting POSIX Message Queue File System...
[   22.007822] systemd[1]: Created slice system-serial\x2dgetty.slice.
[[0;32m  OK  [0m] Created slice system-serial\x2dgetty.slice.
[   22.088775] random: nonblocking pool is initialized
[   22.112510] systemd[1]: Starting Load Kernel Modules...
         Starting Load Kernel Modules...
[   22.181618] systemd[1]: Mounting Huge Pages File System...
[   22.198230] Loading iSCSI transport class v2.0-870.
         Mounting Huge Pa[   22.248097] iscsi: registered transport (tcp)
ges File System...
[   22.274645] systemd[1]: Starting Create list of required static device nodes for the current kernel...
         Starting Create list of required st... nodes for the current kernel...
[   22.379843] iscsi: registered transport (iser)
[   22.396651] systemd[1]: Listening on LVM2 metadata daemon socket.
[[0;32m  OK  [0m] Listening on LVM2 metadata daemon socket.
[   22.442639] systemd[1]: Listening on LVM2 poll daemon socket.
[[0;32m  OK  [0m] Listening on LVM2 poll daemon socket.
[   22.499564] systemd[1]: Listening on Journal Socket (/dev/log).
[[0;32m  OK  [0m] Listening on Journal Socket (/dev/log).
[   22.549197] systemd[1]: Starting Remount Root and Kernel File Systems...
[   22.583091] EXT4-fs (sda1): re-mounted. Opts: (null)
         Starting Remount Root and Kernel File Systems...
[   22.672836] systemd[1]: Listening on Device-mapper event daemon FIFOs.
[[0;32m  OK  [0m] Listening on Device-mapper event daemon FIFOs.
[   22.736437] systemd[1]: Reached target Swap.
[[0;32m  OK  [0m] Reached target Swap.
[   22.816677] systemd[1]: Starting Monitoring of LVM2 mirrors, snapshots etc. using dmeventd or progress polling...
         Starting Monitoring of LVM2 mirrors... dmeventd or progress polling...
[   22.927446] systemd[1]: Listening on Syslog Socket.
[[0;32m  OK  [0m] Listening on Syslog Socket.
[   23.016676] systemd[1]: Starting Journal Service...
         Starting Journal Service...
[   23.063705] systemd[1]: Created slice User and Session Slice.
[[0;32m  OK  [0m] Created slice User and Session Slice.
[   23.146608] systemd[1]: Reached target Slices.
[[0;32m  OK  [0m] Reached target Slices.
[   23.209748] systemd[1]: Mounted Huge Pages File System.
[[0;32m  OK  [0m] Mounted Huge Pages File System.
[   23.224751] systemd[1]: Mounted Debug File System.
[[0;32m  OK  [0m] Mounted Debug File System.
[   23.284758] systemd[1]: Mounted POSIX Message Queue File System.
[[0;32m  OK  [0m] Mounted POSIX Message Queue File System.
[   23.328659] systemd[1]: Started Journal Service.
[[0;32m  OK  [0m] Started Journal Service.
[[0;32m  OK  [0m] Started Uncomplicated firewall.
[[0;32m  OK  [0m] Started Set console keymap.
[[0;32m  OK  [0m] Started Load Kernel Modules.
[[0;32m  OK  [0m] Started Create list of required sta...ce nodes for the current kernel.
[[0;32m  OK  [0m] Started Remount Root and Kernel File Systems.
[[0;32m  OK  [0m] Started Nameserver information manager.
[[0;32m  OK  [0m] Started LVM2 metadata daemon.
         Starting Initial cloud-init job (pre-networking)...
         Starting udev Coldplug all Devices...
         Starting Load/Save Random Seed...
         Starting Create Static Device Nodes in /dev...
         Mounting FUSE Control File System...
         Starting Apply Kernel Variables...
         Starting Flush Journal to Persistent Storage...
[[0;32m  OK  [0m] Mounted FUSE Control File System.
[[0;32m  OK  [0m] Started Monitoring of LVM2 mirrors,...ng dmeventd or progress polling.
[[0;32m  OK  [0m] Started Load/Save Random Seed.
[[0;32m  OK  [0m] Started Create Static Device Nodes in /dev.
[[0;32m  OK  [0m] Started Apply Kernel Variables.
[[0;32m  OK  [0m] Started udev Coldplug all Devices.
[[0;32m  OK  [0m] Started Flush Journal to Persistent Storage.
         Starting udev Kernel Device Manager...
[[0;32m  OK  [0m] Started udev Kernel Device Manager.
[[0;32m  OK  [0m] Reached target Local File Systems (Pre).
[[0;32m  OK  [0m] Reached target Local File Systems.
         Starting Create Volatile Files and Directories...
         Starting Commit a transient machine-id on disk...
         Starting Set console font and keymap...
         Starting Tell Plymouth To Write Out Runtime Data...
         Starting LSB: AppArmor initialization...
[[0;32m  OK  [0m] Started Dispatch Password Requests to Console Directory Watch.
[[0;32m  OK  [0m] Started Create Volatile Files and Directories.
[[0;32m  OK  [0m] Started Commit a transient machine-id on disk.
[[0;32m  OK  [0m] Started Tell Plymouth To Write Out Runtime Data.
[[0;32m  OK  [0m] Reached target System Time Synchronized.
         Starting Update UTMP about System Boot/Shutdown...
[[0;32m  OK  [0m] Started Update UTMP about System Boot/Shutdown.
[[0;32m  OK  [0m] Found device /dev/ttyS0.
[   28.246381] cloud-init[439]: Cloud-init v. 17.1 running 'init-local' at Wed, 31 Jan 2018 11:09:49 +0000. Up 25.00 seconds.
[[0;32m  OK  [0m] Started Initial cloud-init job (pre-networking).
[[0;32m  OK  [0m] Reached target Network (Pre).
[[0;32m  OK  [0m] Listening on Load/Save RF Kill Switch Status /dev/rfkill Watch.
[[0;32m  OK  [0m] Started Set console font and keymap.
[[0;32m  OK  [0m] Created slice system-getty.slice.
[[0;32m  OK  [0m] Started LSB: AppArmor initialization.
         Starting Raise network interfaces...
[[0;32m  OK  [0m] Started Raise network interfaces.
[[0;32m  OK  [0m] Reached target Network.
         Starting Initial cloud-init job (metadata service crawler)...
[   37.906403] cloud-init[966]: Cloud-init v. 17.1 running 'init' at Wed, 31 Jan 2018 11:10:00 +0000. Up 35.87 seconds.
[   38.005106] cloud-init[966]: ci-info: ++++++++++++++++++++++++++++++++++++++Net device info++++++++++++++++++++++++++++++++++++++
[[0;32m  OK  [0m] Started Initial cloud-init job (metadata service crawler).
[   38.086640] cloud-init[966]: ci-info: +--------+-------+----------------------------+---------------+-------+-------------------+
[[0;32m  OK  [0m] Reached target Cloud-config availability.
[   38.277738] [[0;32m  OK  [0m] Reached target System Initialization.
[[0;32m  OK  [0m] Listening on ACPID Listen Socket.
         Starting Socket activation for snappy daemon.
[[0;32m  OK  [0m] Started Timer to automatically refresh installed snaps.
[[0;32m  OK  [0m] Listening on UUID daemon activation socket.
[[0;32m  OK  [0m] Started Daily Cleanup of Temporary Directories.
cloud-init[966]: ci-info: | Device |   Up  |          Address           |      Mask     | Scope |     Hw-Address    |
[   38.562043] cloud-init[966]: ci-info: +--------+-------+----------------------------+---------------+-------+-------------------+
         Starting LXD - unix socket.
[   38.731603] cloud-init[966]: ci-info: | enp0s3 |  True |         10.0.2.15          | 255.255.255.0 |   .   | 02:1f:2a:60:99:e3 |
[[0;32m  OK  [0m] Listening on D-Bus System Message Bus Socket.
[   38.796120] cloud-init[966]: ci-info: | enp0s3 |  True | fe80::1f:2aff:fe60:99e3/64 |       .       |  link | 02:1f:2a:60:99:e3 |
[[0;32m  OK  [0m] Started ACPI Events Check.
[[0;32m  OK  [0m] Reached target Paths.[   38.947794] cloud-init[966]: ci-info: | enp0s8 | False |             .              |       .       |   .   | 08:00:27:40:3b:0b |
[   38.999444] cloud-init[966]: ci-info: |   lo   |  True |         127.0.0.1          |   255.0.0.0   |   .   |         .         |
[   38.999543] cloud-init[966]: ci-info: |   lo   |  True |          ::1/128           |       .       |  host |         .         |
[   38.999647] cloud-init[966]: ci-info: +--------+-------+----------------------------+---------------+-------+-------------------+
[   38.999732] cloud-init[966]: ci-info: +++++++++++++++++++++++++++Route IPv4 info++++++++++++++++++++++++++++
[   38.999852] cloud-init[966]: ci-info: +-------+-------------+----------+---------------+-----------+-------+
[   38.999958] cloud-init[966]: ci-info: | Route | Destination | Gateway  |    Genmask    | Interface | Flags |
[   39.000047] cloud-init[966]: ci-info: +-------+-------------+----------+---------------+-----------+-------+
[   39.000139] cloud-init[966]: ci-info: |   0   |   0.0.0.0   | 10.0.2.2 |    0.0.0.0    |   enp0s3  |   UG  |
[   39.000223] cloud-init[966]: ci-info: |   1   |   10.0.2.0  | 0.0.0.0  | 255.255.255.0 |   enp0s3  |   U   |

[[0;32m  OK  [0m] Reached target Network is Online.
[   39.000306] cloud-init[966]: ci-info: +-------+-------------+----------+---------------+-----------+-------+
[   39.813472] cloud-init[966]: Generating public/private rsa key pair.
[[   39.869499] cloud-init[0;32m  OK  [0m] Started Daily apt download activities.
[[0;32m  OK  [0m] Started Daily apt upgrade and clean activities.
[[0;32m  OK  [0m] Reached target Timers.
         Starting iSCSI initiator daemon (iscsid)...
[[0;32m  OK  [0m] Listening on Socket activation for snappy daemon.
[[0;32m  OK  [0m] Listening on LXD - unix socket.
[[0;32m  OK  [0m] Reached target Sockets.
[[0;32m  OK  [0m] Reached target Basic System.
[966]: Your identification has been saved in /etc/ssh/ssh_host_rsa_key.
[   40.265718] [[0;32m  OK  [0m] Started D-Bus System Message Bus.cloud-init[966]: Your public key has been saved in /etc/ssh/ssh_host_rsa_key.pub.
[   40.275946] cloud-init[966]: The key fingerprint is:

[   40.276199] cloud-init[966]: SHA256:PtMg9nW+Cy8qQfy4mFIiksGJ+I/szzXIHhbpGTsDYNI root@ubuntu-xenial
[   40.442280] cloud-init[966]: The key's randomart image is:
[[   40.464949] cloud-init[966]: +---[RSA 2048]----+
[   40.466277] cloud-init[966]: |                 |
[   40.466376] cloud-init[966]: | .               |
[   40.466463] cloud-init[966]: |*.E  .           |
[   40.466578] cloud-init[966]: |*+   .o          |
[   40.466665] cloud-init[966]: | +. +.ooS . .    |
[   40.466747] cloud-init[966]: |+ o+.Bo+.+ o     |
[   40.466828] cloud-init[966]: |.o =@ooo= o .    |
[   40.466926] cloud-init[966]: |  +++=o. o.o .   |
[   40.467030] cloud-init[966]: | ..o+  ... .+.   |
[   40.467119] cloud-init[966]: +----[SHA256]-----+
[   40.467200] cloud-init[966]: Generating public/private dsa key pair.
[   40.467290] cloud-init[966]: Your identification has been saved in /etc/ssh/ssh_host_dsa_key.
[   40.467373] cloud-init[966]: Your public key has been saved in /etc/ssh/ssh_host_dsa_key.pub.
[   40.467456] cloud-init[966]: The key fingerprint is:
[0;32m  OK  [0m] Started Deferred execution scheduler.
[[0;32m  OK  [0m[   40.470211] cloud-init[966]: SHA256:1SjOEISZgKCo7dlQ80OXUqh1e7Fh+Gcngq/1EUi1U1A root@ubuntu-xenial
[   40.992453] cloud-init[966]: The key's randomart image is:
[   40.992558] cloud-init[966]: +---[DSA 1024]----+
[   40.992671] cloud-init[966]: |o... =o... .ooE  |
[   40.992757] cloud-init[966]: |+   + ooo.=o o   |
[   40.992840] cloud-init[966]: |o   oo+.+*o=+    |
[   40.992923] cloud-init[966]: |.. ..+ *oo* =..  |
[   40.993004] cloud-init[966]: |. o   o So + +   |
[   40.993086] cloud-init[966]: | . +   .  o .    |
[   40.993194] cloud-init[966]: |  o .    o . .   |
[   40.993279] cloud-init[966]: |        .   .    |
[   40.993362] cloud-init[966]: |                 |
[   40.993449] cloud-init[966]: +----[SHA256]-----+
[   40.993530] cloud-init[966]: Generating public/private ecdsa key pair.
[   40.993673] cloud-init[966]: Your identification has been saved in /etc/ssh/ssh_host_ecdsa_key.
[   40.993765] cloud-init[966]: Your public key has been saved in /etc/ssh/ssh_host_ecdsa_key.pub.
[   40.993850] cloud-init[966]: The key fingerprint is:
[   40.993931] cloud-init[966]: SHA256:WSeEsdsnjidIpinX8UleM/SaE452XZNo9P5lP9P1nqM root@ubuntu-xenial
[   40.994014] cloud-init[966]: The key's randomart image is:
[   40.994096] cloud-init[966]: +---[ECDSA 256]---+
[   40.995032] cloud-init[966]: |        .o.      |
[   40.995163] cloud-init[966]: |        .o       |
[   40.995250] cloud-init[966]: |        . + o    |
[   40.995333] cloud-init[966]: |         * = o . |
[   40.995429] cloud-init[966]: |      + S B = =  |
[   40.995512] cloud-init[966]: |     * * B @ o ..|
[   40.995595] cloud-init[966]: |  . + o O O . . *|
[   40.995715] cloud-init[966]: |   o   . + .   **|
[   40.995797] cloud-init[966]: |             E.oB|
[   40.995879] cloud-init[966]: +----[SHA256]-----+
[   40.995959] cloud-init[966]: Generating public/private ed25519 key pair.
[   40.996040] cloud-init[966]: Your identification has been saved in /etc/ssh/ssh_host_ed25519_key.
] Started FUSE filesystem for LXC.
[   40.997481]          cloud-init[966]: Your public key has been saved in /etc/ssh/ssh_host_ed25519_key.pub.
[   41.718451] cloud-init[966]: The key fingerprint is:
[   41.718556] cloud-init[966]: SHA256:qrn1UMaGu453uj/59cWvDYq1h70hbdRW85xdXhcV6F4 root@ubuntu-xenial
[   41.718643] cloud-init[966]: The key's randomart image is:
[   41.718789] cloud-init[966]: +--[ED25519 256]--+
[   41.718873] cloud-init[966]: |              .o+|
[   41.718955] cloud-init[966]: |             .  .|
[   41.719037] cloud-init[966]: |            .  .=|
[   41.719119] cloud-init[966]: |       o     . EX|
[   41.719268] cloud-init[966]: |      . S   . o.B|
[   41.719354] cloud-init[966]: |       *     + o |
[   41.719436] cloud-init[966]: |      =  .  +o= o|
[   41.719518] cloud-init[966]: |     =.++  +.*o=.|
Starting System Logging Service...
[   41.723600] cloud-init[966]: |    =+==ooo o.+oo|
[   42.366032]          Starting /etc/rc.local Compatibility...
cloud-init[966]: +----[SHA256]-----+
         Starting Apply the settings specified in cloud-config...
         Starting LSB: MD monitoring daemon...
         Starting LXD - container startup/shutdown...
[[0;32m  OK  [0m] Started Regular background program processing daemon.
[[0;32m  OK  [0m] Started ACPI event daemon.
         Starting Login Service...
[[0;32m  OK  [0m] Started Unattended Upgrades Shutdown.
         Starting LSB: Record successful boot for GRUB...
         Starting Pollinate to seed the pseudo random number generator...
         Starting Accounts Service...
         Starting Snappy daemon...
[[0;32m  OK  [0m] Started System Logging Service.
[[0;32m  OK  [0m] Started /etc/rc.local Compatibility.
[[0;32m  OK  [0m] Started LXD - container startup/shutdown.
[[0;32m  OK  [0m] Started iSCSI initiator daemon (iscsid).
[[0;32m  OK  [0m] Started Snappy daemon.
[[0;32m  OK  [0m] Started LSB: MD monitoring daemon.
[[0;32m  OK  [0m] Started LSB: Record successful boot for GRUB.
[[0;32m  OK  [0m] Started Login Service.
         Starting Authenticate and Authorize Users to Run Privileged Tasks...
         Starting Login to default iSCSI targets...
[[0;32m  OK  [0m] Started Authenticate and Authorize Users to Run Privileged Tasks.
[[0;32m  OK  [0m] Started Accounts Service.
[[0;32m  OK  [0m] Started Login to default iSCSI targets.
[[0;32m  OK  [0m] Reached target Remote File Systems (Pre).
[[0;32m  OK  [0m] Reached target Remote File Systems.
         Starting Permit User Sessions...
         Starting LSB: VirtualBox Linux Additions...
         Starting LSB: daemon to balance interrupts for SMP systems...
         Starting LSB: Set the CPU Frequency Scaling governor to "ondemand"...
         Starting LSB: automatic crash report generation...
[[0;32m  OK  [0m] Started Permit User Sessions.
         Starting Hold until boot process finishes up...
         Starting Terminate Plymouth Boot Screen...
[[0;32m  OK  [0m] Started Hold until boot process finishes up.
[[0;32m  OK  [0m] Started LSB: Set the CPU Frequency Scaling governor to "ondemand".
[[0;32m  OK  [0m] Started LSB: daemon to balance interrupts for SMP systems.
[[0;32m  OK  [0m] Started LSB: automatic crash report generation.
[[0;32m  OK  [0m] Started Terminate Plymouth Boot Screen.
[[0;32m  OK  [0m] Started Getty on tty1.
         Starting Set console scheme...
[[0;32m  OK  [0m] Started Serial Getty on ttyS0.
[[0;32m  OK  [0m] Reached target Login Prompts.
[[0;32m  OK  [0m] Started LSB: VirtualBox Linux Additions.
[[0;32m  OK  [0m] Started Pollinate to seed the pseudo random number generator.
[[0;32m  OK  [0m] Started Set console scheme.
         Starting OpenBSD Secure Shell server...
[[0;32m  OK  [0m] Started OpenBSD Secure Shell server.
[[0;32m  OK  [0m] Reached target Multi-User System.
[[0;32m  OK  [0m] Reached target Graphical Interface.
         Starting Update UTMP about System Runlevel Changes...
[[0;32m  OK  [0m] Started Update UTMP about System Runlevel Changes.
[   46.540772] cloud-init[1083]: Generating locales (this might take a while)...
[   50.461726] cloud-init[1083]:   en_US.UTF-8... done
[   50.463809] cloud-init[1083]: Generation complete.
[   51.250698] cloud-init[1083]: Cloud-init v. 17.1 running 'modules:config' at Wed, 31 Jan 2018 11:10:10 +0000. Up 46.03 seconds.

Ubuntu 16.04.3 LTS ubuntu-xenial ttyS0

ubuntu-xenial login: ci-info: no authorized ssh keys fingerprints found for user ubuntu.
<14>Jan 31 11:10:17 ec2: 
<14>Jan 31 11:10:17 ec2: #############################################################
<14>Jan 31 11:10:17 ec2: -----BEGIN SSH HOST KEY FINGERPRINTS-----
<14>Jan 31 11:10:17 ec2: 1024 SHA256:1SjOEISZgKCo7dlQ80OXUqh1e7Fh+Gcngq/1EUi1U1A root@ubuntu-xenial (DSA)
<14>Jan 31 11:10:17 ec2: 256 SHA256:WSeEsdsnjidIpinX8UleM/SaE452XZNo9P5lP9P1nqM root@ubuntu-xenial (ECDSA)
<14>Jan 31 11:10:17 ec2: 256 SHA256:qrn1UMaGu453uj/59cWvDYq1h70hbdRW85xdXhcV6F4 root@ubuntu-xenial (ED25519)
<14>Jan 31 11:10:17 ec2: 2048 SHA256:PtMg9nW+Cy8qQfy4mFIiksGJ+I/szzXIHhbpGTsDYNI root@ubuntu-xenial (RSA)
<14>Jan 31 11:10:17 ec2: -----END SSH HOST KEY FINGERPRINTS-----
<14>Jan 31 11:10:17 ec2: #############################################################
-----BEGIN SSH HOST KEY KEYS-----
ecdsa-sha2-nistp256 AAAAE2VjZHNhLXNoYTItbmlzdHAyNTYAAAAIbmlzdHAyNTYAAABBBOMrX4bhnK6gYStVLbPjbnJYERevMgV6atEJA0oc3HsdU+ByivxmaODSkc8BxHrIuo97t/91rs2tZhObb9ctPU0= root@ubuntu-xenial
ssh-ed25519 AAAAC3NzaC1lZDI1NTE5AAAAIPiZSi16XTt9Og+BFNwnIj/NCyXGVzBj7sPq+Wp40qdq root@ubuntu-xenial
ssh-rsa AAAAB3NzaC1yc2EAAAADAQABAAABAQDLrck8HqruXl1YtpxdolPmxGmNFedwsgXxjObbhTXrpG5KZjcnuMmxraG+XHgWyWMm2SFmhcR3gQQlpLFPSiGUexTeGTuIb8uXRFgZDukHSxiIiYTl+nvfNEhcLrY+tMdJPLKZtxo7PndBDGIZQXmztZcjS7RMuJM+ur5D8ts22zIfK14sK3D8K7/iwXyov6P1/2LT6XS/HIb0v+M8hzWefuA0atK43fgoFwvuN3dhc8eC9USvMA8gAPmrRVPwMauI/nGPIDQL1tJjYX1K89aKb68kkTTEYOfIqSfO2Uav+t9f//F8ATubn0L6iZJ9XIfvqIz3yxDC99UdeoJ2aMLr root@ubuntu-xenial
-----END SSH HOST KEY KEYS-----
[   52.951770] cloud-init[1345]: Cloud-init v. 17.1 running 'modules:final' at Wed, 31 Jan 2018 11:10:16 +0000. Up 52.38 seconds.
[   52.952469] cloud-init[1345]: ci-info: no authorized ssh keys fingerprints found for user ubuntu.
[   52.954068] cloud-init[1345]: Cloud-init v. 17.1 finished at Wed, 31 Jan 2018 11:10:17 +0000. Datasource DataSourceNoCloud [seed=/dev/sdb][dsmode=net].  Up 52.92 seconds
